[INFO] Scanning for projects...
[INFO] 
[INFO] -----------------< com.vinskao:ty_multiverse_consumer >-----------------
[INFO] Building ty_multiverse_consumer 1.0.0
[INFO]   from pom.xml
[INFO] --------------------------------[ jar ]---------------------------------
[INFO] 
[INFO] >>> spring-boot:3.5.5:run (default-cli) > test-compile @ ty_multiverse_consumer >>>
[INFO] 
[INFO] --- resources:3.3.1:resources (default-resources) @ ty_multiverse_consumer ---
[INFO] Copying 4 resources from src/main/resources to target/classes
[INFO] Copying 2 resources from src/main/resources to target/classes
[INFO] 
[INFO] --- compiler:3.11.0:compile (default-compile) @ ty_multiverse_consumer ---
[INFO] Nothing to compile - all classes are up to date
[INFO] 
[INFO] --- resources:3.3.1:testResources (default-testResources) @ ty_multiverse_consumer ---
[INFO] Copying 2 resources from src/test/resources to target/test-classes
[INFO] Copying 2 resources from src/main/resources to target/test-classes
[INFO] 
[INFO] --- compiler:3.11.0:testCompile (default-testCompile) @ ty_multiverse_consumer ---
[INFO] Changes detected - recompiling the module! :source
[INFO] Compiling 5 source files with javac [forked debug release 21] to target/test-classes
[INFO] 
[INFO] <<< spring-boot:3.5.5:run (default-cli) < test-compile @ ty_multiverse_consumer <<<
[INFO] 
[INFO] 
[INFO] --- spring-boot:3.5.5:run (default-cli) @ ty_multiverse_consumer ---
[INFO] Attaching agents: []

  .   ____          _            __ _ _
 /\\ / ___'_ __ _ _(_)_ __  __ _ \ \ \ \
( ( )\___ | '_ | '_| | '_ \/ _` | \ \ \ \
 \\/  ___)| |_)| | | | | || (_| |  ) ) ) )
  '  |____| .__|_| |_|_| |_\__, | / / / /
 =========|_|==============|___/=/_/_/_/

 :: Spring Boot ::                (v3.5.5)

2025-11-11T14:55:31.892+08:00  INFO 84704 --- [ty_multiverse_consumer] [           main] c.v.t.TyMultiverseConsumerApplication    : Starting TyMultiverseConsumerApplication using Java 21 with PID 84704 (/Users/vinskao/001-project/ty-multiverse/ty-multiverse-consumer/target/classes started by vinskao in /Users/vinskao/001-project/ty-multiverse/ty-multiverse-consumer)
2025-11-11T14:55:31.893+08:00 DEBUG 84704 --- [ty_multiverse_consumer] [           main] c.v.t.TyMultiverseConsumerApplication    : Running with Spring Boot v3.5.5, Spring v6.2.10
2025-11-11T14:55:31.893+08:00  INFO 84704 --- [ty_multiverse_consumer] [           main] c.v.t.TyMultiverseConsumerApplication    : The following 1 profile is active: "local"
2025-11-11T14:55:32.197+08:00  INFO 84704 --- [ty_multiverse_consumer] [           main] .s.d.r.c.RepositoryConfigurationDelegate : Multiple Spring Data modules found, entering strict repository configuration mode
2025-11-11T14:55:32.198+08:00  INFO 84704 --- [ty_multiverse_consumer] [           main] .s.d.r.c.RepositoryConfigurationDelegate : Bootstrapping Spring Data R2DBC repositories in DEFAULT mode.
2025-11-11T14:55:32.263+08:00  INFO 84704 --- [ty_multiverse_consumer] [           main] .s.d.r.c.RepositoryConfigurationDelegate : Finished Spring Data repository scanning in 61 ms. Found 3 R2DBC repository interfaces.
2025-11-11T14:55:32.263+08:00  INFO 84704 --- [ty_multiverse_consumer] [           main] .s.d.r.c.RepositoryConfigurationDelegate : Multiple Spring Data modules found, entering strict repository configuration mode
2025-11-11T14:55:32.263+08:00  INFO 84704 --- [ty_multiverse_consumer] [           main] .s.d.r.c.RepositoryConfigurationDelegate : Bootstrapping Spring Data R2DBC repositories in DEFAULT mode.
2025-11-11T14:55:32.265+08:00  INFO 84704 --- [ty_multiverse_consumer] [           main] .s.d.r.c.RepositoryConfigurationDelegate : Finished Spring Data repository scanning in 1 ms. Found 1 R2DBC repository interface.
2025-11-11T14:55:32.408+08:00  INFO 84704 --- [ty_multiverse_consumer] [           main] .s.d.r.c.RepositoryConfigurationDelegate : Multiple Spring Data modules found, entering strict repository configuration mode
2025-11-11T14:55:32.408+08:00  INFO 84704 --- [ty_multiverse_consumer] [           main] .s.d.r.c.RepositoryConfigurationDelegate : Bootstrapping Spring Data Redis repositories in DEFAULT mode.
2025-11-11T14:55:32.419+08:00  INFO 84704 --- [ty_multiverse_consumer] [           main] .RepositoryConfigurationExtensionSupport : Spring Data Redis - Could not safely identify store assignment for repository candidate interface com.vinskao.ty_multiverse_consumer.module.people.dao.DamageCalculationResultRepository; If you want this repository to be a Redis repository, consider annotating your entities with one of these annotations: org.springframework.data.redis.core.RedisHash (preferred), or consider extending one of the following types with your repository: org.springframework.data.keyvalue.repository.KeyValueRepository
2025-11-11T14:55:32.419+08:00  INFO 84704 --- [ty_multiverse_consumer] [           main] .RepositoryConfigurationExtensionSupport : Spring Data Redis - Could not safely identify store assignment for repository candidate interface com.vinskao.ty_multiverse_consumer.module.people.dao.PeopleImageRepository; If you want this repository to be a Redis repository, consider annotating your entities with one of these annotations: org.springframework.data.redis.core.RedisHash (preferred), or consider extending one of the following types with your repository: org.springframework.data.keyvalue.repository.KeyValueRepository
2025-11-11T14:55:32.419+08:00  INFO 84704 --- [ty_multiverse_consumer] [           main] .RepositoryConfigurationExtensionSupport : Spring Data Redis - Could not safely identify store assignment for repository candidate interface com.vinskao.ty_multiverse_consumer.module.people.dao.PeopleRepository; If you want this repository to be a Redis repository, consider annotating your entities with one of these annotations: org.springframework.data.redis.core.RedisHash (preferred), or consider extending one of the following types with your repository: org.springframework.data.keyvalue.repository.KeyValueRepository
2025-11-11T14:55:32.419+08:00  INFO 84704 --- [ty_multiverse_consumer] [           main] .RepositoryConfigurationExtensionSupport : Spring Data Redis - Could not safely identify store assignment for repository candidate interface com.vinskao.ty_multiverse_consumer.module.weapon.dao.WeaponRepository; If you want this repository to be a Redis repository, consider annotating your entities with one of these annotations: org.springframework.data.redis.core.RedisHash (preferred), or consider extending one of the following types with your repository: org.springframework.data.keyvalue.repository.KeyValueRepository
2025-11-11T14:55:32.419+08:00  INFO 84704 --- [ty_multiverse_consumer] [           main] .s.d.r.c.RepositoryConfigurationDelegate : Finished Spring Data repository scanning in 7 ms. Found 0 Redis repository interfaces.
2025-11-11T14:55:32.840+08:00  INFO 84704 --- [ty_multiverse_consumer] [           main] c.v.t.config.ReactiveRabbitMQConfig      : âœ… é…ç½® Reactive RabbitMQ é€£æŽ¥å·¥å» : host=localhost, port=5672, virtualHost=/
2025-11-11T14:55:32.847+08:00  INFO 84704 --- [ty_multiverse_consumer] [           main] c.v.t.config.ReactiveRabbitMQConfig      : âœ… å‰µå»º Reactive RabbitMQ Sender
2025-11-11T14:55:32.853+08:00  INFO 84704 --- [ty_multiverse_consumer] [           main] c.v.t.config.ReactiveRabbitMQConfig      : âœ… å‰µå»ºé«˜å„ªå…ˆç´š Reactive RabbitMQ Receiver (prefetch=1)
2025-11-11T14:55:32.854+08:00  INFO 84704 --- [ty_multiverse_consumer] [           main] c.v.t.c.c.ReactiveAsyncResultConsumer    : ðŸš€ å•Ÿå‹• Reactive AsyncResult Consumer...
2025-11-11T14:55:32.862+08:00  INFO 84704 --- [ty_multiverse_consumer] [           main] c.v.t.c.c.ReactiveAsyncResultConsumer    : ðŸ“¡ å•Ÿå‹• AsyncResult Reactive Consumer (concurrency=1, prefetch=1)
2025-11-11T14:55:32.862+08:00  INFO 84704 --- [ty_multiverse_consumer] [           main] c.v.t.c.c.ReactiveAsyncResultConsumer    : âœ… Reactive AsyncResult Consumer å•Ÿå‹•å®Œæˆ
2025-11-11T14:55:32.863+08:00  INFO 84704 --- [ty_multiverse_consumer] [           main] c.v.t.config.ReactiveRabbitMQConfig      : âœ… å‰µå»º Reactive RabbitMQ Receiver (prefetch=3)
2025-11-11T14:55:32.917+08:00  INFO 84704 --- [ty_multiverse_consumer] [oundedElastic-1] reactor.rabbitmq.Receiver                : Consumer amq.ctag-qwo1rkCC5JbNxdRjIu0rqQ consuming from async-result has been registered
2025-11-11T14:55:33.072+08:00 ERROR 84704 --- [ty_multiverse_consumer] [           main] i.n.r.d.DnsServerAddressStreamProviders  : Unable to load io.netty.resolver.dns.macos.MacOSDnsServerAddressStreamProvider, fallback to system defaults. This may result in incorrect DNS resolutions on MacOS. Check whether you have a dependency on 'io.netty:netty-resolver-dns-native-macos'. Use DEBUG level to see the full stack: java.lang.UnsatisfiedLinkError: failed to load the required native library
2025-11-11T14:55:33.132+08:00  INFO 84704 --- [ty_multiverse_consumer] [           main] c.v.t.c.consumer.ReactivePeopleConsumer  : ðŸš€ å•Ÿå‹• Reactive People Consumer...
2025-11-11T14:55:33.132+08:00  INFO 84704 --- [ty_multiverse_consumer] [           main] c.v.t.c.consumer.ReactivePeopleConsumer  : ðŸ“¡ å•Ÿå‹• People Get-All Reactive Consumer (concurrency=2, prefetch=2)
2025-11-11T14:55:33.132+08:00  INFO 84704 --- [ty_multiverse_consumer] [           main] c.v.t.c.consumer.ReactivePeopleConsumer  : ðŸ“¡ å•Ÿå‹• People Get-By-Name Reactive Consumer (concurrency=2)
2025-11-11T14:55:33.132+08:00  INFO 84704 --- [ty_multiverse_consumer] [           main] c.v.t.c.consumer.ReactivePeopleConsumer  : ðŸ“¡ å•Ÿå‹• People Delete-All Reactive Consumer (concurrency=1)
2025-11-11T14:55:33.132+08:00  INFO 84704 --- [ty_multiverse_consumer] [           main] c.v.t.c.consumer.ReactivePeopleConsumer  : âœ… Reactive People Consumer å•Ÿå‹•å®Œæˆ
2025-11-11T14:55:33.142+08:00  INFO 84704 --- [ty_multiverse_consumer] [           main] c.v.t.c.consumer.ReactiveWeaponConsumer  : ðŸš€ å•Ÿå‹• Reactive Weapon Consumer...
2025-11-11T14:55:33.142+08:00  INFO 84704 --- [ty_multiverse_consumer] [oundedElastic-2] reactor.rabbitmq.Receiver                : Consumer amq.ctag-vA2D8VyY8T3tZcCLLOFPQA consuming from people-get-all has been registered
2025-11-11T14:55:33.145+08:00  INFO 84704 --- [ty_multiverse_consumer] [oundedElastic-2] reactor.rabbitmq.Receiver                : Consumer amq.ctag-_Mf5ELwdhg6_9A-vz20Mgw consuming from people-get-by-name has been registered
2025-11-11T14:55:33.145+08:00  INFO 84704 --- [ty_multiverse_consumer] [           main] reactor.rabbitmq.Receiver                : Consumer amq.ctag-txX1IswVgQ5kJP0rZfUYkA consuming from weapon-get-all has been registered
2025-11-11T14:55:33.145+08:00  INFO 84704 --- [ty_multiverse_consumer] [           main] c.v.t.c.consumer.ReactiveWeaponConsumer  : ðŸ“¡ å•Ÿå‹• Weapon Get-All Reactive Consumer (concurrency=2, prefetch=2)
2025-11-11T14:55:33.148+08:00  INFO 84704 --- [ty_multiverse_consumer] [oundedElastic-2] reactor.rabbitmq.Receiver                : Consumer amq.ctag-w2K5qSFta2lC035PQ-w4oA consuming from people-delete-all has been registered
2025-11-11T14:55:33.149+08:00  INFO 84704 --- [ty_multiverse_consumer] [           main] reactor.rabbitmq.Receiver                : Consumer amq.ctag-QJu-197noykS-kiLfWn7Vg consuming from weapon-get-by-name has been registered
2025-11-11T14:55:33.149+08:00  INFO 84704 --- [ty_multiverse_consumer] [           main] c.v.t.c.consumer.ReactiveWeaponConsumer  : ðŸ“¡ å•Ÿå‹• Weapon Get-By-Name Reactive Consumer (concurrency=2)
2025-11-11T14:55:33.152+08:00  INFO 84704 --- [ty_multiverse_consumer] [           main] reactor.rabbitmq.Receiver                : Consumer amq.ctag-t992omyHf0rq8rFLZBwygA consuming from weapon-get-by-owner has been registered
2025-11-11T14:55:33.153+08:00  INFO 84704 --- [ty_multiverse_consumer] [           main] c.v.t.c.consumer.ReactiveWeaponConsumer  : ðŸ“¡ å•Ÿå‹• Weapon Get-By-Owner Reactive Consumer (concurrency=2)
2025-11-11T14:55:33.154+08:00  INFO 84704 --- [ty_multiverse_consumer] [           main] reactor.rabbitmq.Receiver                : Consumer amq.ctag-LGD-a8cMNMekAa5iKxpE8w consuming from weapon-save has been registered
2025-11-11T14:55:33.154+08:00  INFO 84704 --- [ty_multiverse_consumer] [           main] c.v.t.c.consumer.ReactiveWeaponConsumer  : ðŸ“¡ å•Ÿå‹• Weapon Save Reactive Consumer (concurrency=1)
2025-11-11T14:55:33.155+08:00  INFO 84704 --- [ty_multiverse_consumer] [           main] reactor.rabbitmq.Receiver                : Consumer amq.ctag-BbBS8nLE0anWXPwtWk9cZg consuming from weapon-exists has been registered
2025-11-11T14:55:33.155+08:00  INFO 84704 --- [ty_multiverse_consumer] [           main] c.v.t.c.consumer.ReactiveWeaponConsumer  : ðŸ“¡ å•Ÿå‹• Weapon Exists Reactive Consumer (concurrency=3)
2025-11-11T14:55:33.156+08:00  INFO 84704 --- [ty_multiverse_consumer] [           main] c.v.t.c.consumer.ReactiveWeaponConsumer  : âœ… Reactive Weapon Consumer å•Ÿå‹•å®Œæˆ
2025-11-11T14:55:33.156+08:00  INFO 84704 --- [ty_multiverse_consumer] [           main] c.v.t.c.e.GlobalExceptionHandler         : âœ… GlobalExceptionHandler åˆå§‹åŒ–å®Œæˆï¼Œä½¿ç”¨çµ±ä¸€éŒ¯èª¤è½‰æ›å™¨è™•ç†ç•°å¸¸
2025-11-11T14:55:33.173+08:00  INFO 84704 --- [ty_multiverse_consumer] [           main] c.v.t.config.RabbitMQConfig              : âœ… å‰µå»ºç•°æ­¥çµæžœéšŠåˆ—: async-result
2025-11-11T14:55:33.181+08:00  INFO 84704 --- [ty_multiverse_consumer] [           main] c.v.t.config.RabbitMQConfig              : âœ… å‰µå»ºç•°æ­¥çµæžœç¶å®š: äº¤æ›æ©Ÿ=tymb-exchange, è·¯ç”±éµ=async.result, éšŠåˆ—=async-result
2025-11-11T14:55:33.197+08:00  INFO 84704 --- [ty_multiverse_consumer] [           main] t.c.t.c.resilience.RetryConfiguration    : âœ… Default RetryTemplate configured: maxAttempts=3, backOff=exponential
2025-11-11T14:55:33.198+08:00  INFO 84704 --- [ty_multiverse_consumer] [           main] t.c.t.c.resilience.RetryConfiguration    : âœ… Database RetryTemplate configured: maxAttempts=10, backOff=exponential
2025-11-11T14:55:33.199+08:00  INFO 84704 --- [ty_multiverse_consumer] [           main] t.c.t.c.resilience.RetryConfiguration    : âœ… Network RetryTemplate configured: maxAttempts=5, backOff=exponential
2025-11-11T14:55:33.318+08:00  INFO 84704 --- [ty_multiverse_consumer] [           main] o.s.b.a.e.web.EndpointLinksResolver      : Exposing 3 endpoints beneath base path '/actuator'
2025-11-11T14:55:35.581+08:00  WARN 84704 --- [ty_multiverse_consumer] [           main] onfigReactiveWebServerApplicationContext : Exception encountered during context initialization - cancelling refresh attempt: o[INFO] ------------------------------------------------------------------------
[INFO] BUILD FAILURE
[INFO] ------------------------------------------------------------------------
[INFO] Total time:  03:37 h
[INFO] Finished at: 2025-11-11T15:56:44+08:00
[INFO] ------------------------------------------------------------------------
[ERROR] Failed to execute goal org.springframework.boot:spring-boot-maven-plugin:3.5.5:run (default-cli) on project ty_multiverse_consumer: Process terminated with exit code: 137 -> [Help 1]
[ERROR] 
[ERROR] To see the full stack trace of the errors, re-run Maven with the -e switch.
[ERROR] Re-run Maven using the -X switch to enable full debug logging.
[ERROR] 
[ERROR] For more information about the errors and possible solutions, please read the following articles:
[ERROR] [Help 1] http://cwiki.apache.org/confluence/display/MAVEN/MojoExecutionException
0  INFO 84704 --- [ty_multiverse_consumer] [ 127.0.0.1:5672] reactor.rabbitmq.Receiver                : Cancelling consumer amq.ctag-_Mf5ELwdhg6_9A-vz20Mgw consuming from people-get-by-name
2025-11-11T14:55:35.606+08:00  INFO 84704 --- [ty_multiverse_consumer] [ 127.0.0.1:5672] reactor.rabbitmq.Receiver                : Cancelling consumer amq.ctag-QJu-197noykS-kiLfWn7Vg consuming from weapon-get-by-name
2025-11-11T14:55:35.607+08:00  INFO 84704 --- [ty_multiverse_consumer] [ 127.0.0.1:5672] reactor.rabbitmq.Receiver                : Cancelling consumer amq.ctag-txX1IswVgQ5kJP0rZfUYkA consuming from weapon-get-all
2025-11-11T14:55:35.607+08:00  INFO 84704 --- [ty_multiverse_consumer] [ 127.0.0.1:5672] reactor.rabbitmq.Receiver                : Cancelling consumer amq.ctag-t992omyHf0rq8rFLZBwygA consuming from weapon-get-by-owner
2025-11-11T14:55:35.609+08:00  INFO 84704 --- [ty_multiverse_consumer] [ 127.0.0.1:5672] reactor.rabbitmq.Receiver                : Cancelling consumer amq.ctag-w2K5qSFta2lC035PQ-w4oA consuming from people-delete-all
2025-11-11T14:55:35.610+08:00  INFO 84704 --- [ty_multiverse_consumer] [ 127.0.0.1:5672] reactor.rabbitmq.Receiver                : Cancelling consumer amq.ctag-vA2D8VyY8T3tZcCLLOFPQA consuming from people-get-all
2025-11-11T14:55:35.613+08:00  INFO 84704 --- [ty_multiverse_consumer] [           main] c.v.t.c.c.ReactiveAsyncResultConsumer    : ðŸ›‘ é—œé–‰ Reactive AsyncResult Consumer...
2025-11-11T14:55:35.618+08:00  INFO 84704 --- [ty_multiverse_consumer] [ 127.0.0.1:5672] reactor.rabbitmq.Receiver                : Cancelling consumer amq.ctag-qwo1rkCC5JbNxdRjIu0rqQ consuming from async-result
2025-11-11T14:55:35.634+08:00  INFO 84704 --- [ty_multiverse_consumer] [           main] .s.b.a.l.ConditionEvaluationReportLogger : 

Error starting ApplicationContext. To display the condition evaluation report re-run your application with 'debug' enabled.
2025-11-11T14:55:35.646+08:00 ERROR 84704 --- [ty_multiverse_consumer] [           main] o.s.b.d.LoggingFailureAnalysisReporter   : 

***************************
APPLICATION FAILED TO START
***************************

Description:

Web server failed to start. Port 8081 was already in use.

Action:

Identify and stop the process that's listening on port 8081 or configure this application to listen on another port.

[INFO] ------------------------------------------------------------------------
[INFO] BUILD FAILURE
[INFO] ------------------------------------------------------------------------
[INFO] Total time:  6.801 s
[INFO] Finished at: 2025-11-11T14:55:36+08:00
[INFO] ------------------------------------------------------------------------
[ERROR] Failed to execute goal org.springframework.boot:spring-boot-maven-plugin:3.5.5:run (default-cli) on project ty_multiverse_consumer: Process terminated with exit code: 1 -> [Help 1]
[ERROR] 
[ERROR] To see the full stack trace of the errors, re-run Maven with the -e switch.
[ERROR] Re-run Maven using the -X switch to enable full debug logging.
[ERROR] 
[ERROR] For more information about the errors and possible solutions, please read the following articles:
[ERROR] [Help 1] http://cwiki.apache.org/confluence/display/MAVEN/MojoExecutionException
